1) Firefox Nightly 47.0a1 problem:
"A mutation operation was attempted on a database
that did not allow mutations." FIXED

2) Chrome 48.0.2564.103 problem:
"Failed to execute 'transaction' on 'IDBDatabase':
A version change transaction is running." FIXED

3) [test] Firefox problem:
AbortError (indexedDB.open() call) FIXED

4) [test] Safari problem:
"UNKNOWN_ERROR_DELETING_DB"
---note
Safari can't close and/or delete database
in case of active readonly/readwrite transaction
-------
FIXED

5) [gulp] livereload server is not working (only 17.02)

6) [test]
StorageAdapter checker verifies error data FAILED
Expected '' to be 'ALREADY_OPEN'.
FIXED

7) [test] [heisenbug] Safari problem:
StorageAdapter checker verifies successful DB creating FAILED
Timeout - Async callback was not invoked within timeout
specified by jasmine.DEFAULT_TIMEOUT_INTERVAL.

8) [test] [heisenbug] Chrome, Yandex problem:
Some of your tests did a full page reload!

9) [test] [heisenbug] Chrome, Firefox problem:
Disconnected (1 times), because no message in 10000 ms.

10) [test] [heisenbug] Safari problem:
StorageAdapter checker verifies successful data setting FAILED
Timeout - Async callback was not invoked within timeout specified by jasmine.DEFAULT_TIMEOUT_INTERVAL.

11) [test]
activeTransactionSet.delete is not a function.
FIXED

12) [test] [heisenbug] Yandex problem:
Cannot read property 'spies' of undefined
at /Users/shamsheev/_development_common_/WebstormProjects/high_perf_audio_processing/node_modules/jasmine-core/lib/jasmine-core/jasmine.js:772

13) [test] All browsers problem:
NativeSupportManager checker verifies "unknown" value support FAILED
FIXED [TEST PART WAS DELETED]

14) [test] All browsers problem:
record.NestedHandler checker
verifies load & equability (mul99_100)#GD1,2 FAILED
Expected <num> to be greater than 0.6.
FIXED [MIN COEFFICIENT WAS DECREASED]

15) [test] All browsers problem:
record.NestedHandler checker
verifies load & equability (mul99_100__asm_js)#GD1,2 FAILED
Expected <num> to be greater than 0.6.
FIXED [MIN COEFFICIENT WAS DECREASED]

16) [test] All browsers problem:
record.NestedHandler checker compares func performance FAILED
Expected <num1> to be greater than <num2>.
FIXED [TEST PART WAS DELETED]

17) [test] Safari problem:
Safari 9.1.0 (Mac OS X 10.11.4) ERROR
TypeError: undefined is not an object
(evaluating 'runnableResources[spec.id].customEqualityTesters')
